<?xml version="1.0" encoding="UTF-8"?>
<testsuite name="br.com.itidigitalchallenge.unit.core.password.PasswordTest" tests="6" skipped="0" failures="0" errors="0" timestamp="2020-05-10T21:48:51" hostname="Viniciuss-MBP" time="0.039">
  <properties/>
  <testcase name="given password without minimum length required should return false" classname="br.com.itidigitalchallenge.unit.core.password.PasswordTest" time="0.036"/>
  <testcase name="given empty password should return false" classname="br.com.itidigitalchallenge.unit.core.password.PasswordTest" time="0.001"/>
  <testcase name="given password without at lest one uppercase letter should return false" classname="br.com.itidigitalchallenge.unit.core.password.PasswordTest" time="0.001"/>
  <testcase name="given password without at lest one lowercase letter should return false" classname="br.com.itidigitalchallenge.unit.core.password.PasswordTest" time="0.0"/>
  <testcase name="given password without at lest one special character should return false" classname="br.com.itidigitalchallenge.unit.core.password.PasswordTest" time="0.001"/>
  <testcase name="given valid password should return true" classname="br.com.itidigitalchallenge.unit.core.password.PasswordTest" time="0.0"/>
  <system-out><![CDATA[]]></system-out>
  <system-err><![CDATA[]]></system-err>
</testsuite>
