<?xml version="1.0" encoding="UTF-8"?>
<testsuite name="br.com.itidigitalchallenge.integration.PasswordIntegrationTest" tests="2" skipped="0" failures="0" errors="0" timestamp="2020-05-10T21:48:51" hostname="Viniciuss-MBP" time="24.173">
  <properties/>
  <testcase name="given invalid password pattern request should validate password successfully" classname="br.com.itidigitalchallenge.integration.PasswordIntegrationTest" time="13.097"/>
  <testcase name="given valid password pattern request should validate password successfully" classname="br.com.itidigitalchallenge.integration.PasswordIntegrationTest" time="11.076"/>
  <system-out><![CDATA[2020-05-10 18:48:51.881 [Test worker] DEBUG ktor.application - Java Home: /Library/Java/JavaVirtualMachines/adoptopenjdk-11.jdk/Contents
2020-05-10 18:48:51.886 [Test worker] DEBUG ktor.application - Class Loader: jdk.internal.loader.ClassLoaders$AppClassLoader@277050dc: []
2020-05-10 18:48:51.890 [Test worker] INFO  ktor.application - No ktor.deployment.watch patterns match classpath entries, automatic reload is not active
2020-05-10 18:48:52.188 [Test worker] INFO  ktor.application - Responding at http://0.0.0.0:8081
2020-05-10 18:48:52.895 [nioEventLoopGroup-4-1 @call-handler#3] INFO  b.c.i.a.password.PasswordController - Validating password
2020-05-10 18:48:53.004 [nioEventLoopGroup-4-1 @call-handler#3] INFO  b.c.i.a.password.PasswordController - Password validated result - valid: false status code: 422 Unprocessable Entity
2020-05-10 18:49:04.218 [Test worker] DEBUG ktor.application - Java Home: /Library/Java/JavaVirtualMachines/adoptopenjdk-11.jdk/Contents
2020-05-10 18:49:04.218 [Test worker] DEBUG ktor.application - Class Loader: jdk.internal.loader.ClassLoaders$AppClassLoader@277050dc: []
2020-05-10 18:49:04.219 [Test worker] INFO  ktor.application - No ktor.deployment.watch patterns match classpath entries, automatic reload is not active
2020-05-10 18:49:04.221 [Test worker] INFO  ktor.application - Responding at http://0.0.0.0:8081
2020-05-10 18:49:04.231 [nioEventLoopGroup-7-1 @call-handler#6] INFO  b.c.i.a.password.PasswordController - Validating password
2020-05-10 18:49:04.233 [nioEventLoopGroup-7-1 @call-handler#6] INFO  b.c.i.a.password.PasswordController - Password validated result - valid: true status code: 200 OK
]]></system-out>
  <system-err><![CDATA[]]></system-err>
</testsuite>
