<?xml version="1.0" encoding="UTF-8"?>
<testsuite name="br.com.itidigitalchallenge.unit.commons.CharExtensionsTest" tests="2" skipped="0" failures="0" errors="0" timestamp="2020-05-10T21:48:51" hostname="Viniciuss-MBP" time="0.001">
  <properties/>
  <testcase name="given char with special character content should return true" classname="br.com.itidigitalchallenge.unit.commons.CharExtensionsTest" time="0.0"/>
  <testcase name="given char without special character content should return false" classname="br.com.itidigitalchallenge.unit.commons.CharExtensionsTest" time="0.0"/>
  <system-out><![CDATA[]]></system-out>
  <system-err><![CDATA[]]></system-err>
</testsuite>
